AH00558: apache2: Could not reliably determine the server's fully qualified domain name, using 172.23.0.6. Set the 'ServerName' directive globally to suppress this message
[Mon Mar 10 23:41:38.411619 2025] [mpm_prefork:notice] [pid 1:tid 1] AH00163: Apache/2.4.62 (Debian) PHP/8.2.27 configured -- resuming normal operations
[Mon Mar 10 23:41:38.412585 2025] [core:notice] [pid 1:tid 1] AH00094: Command line: 'apache2 -D FOREGROUND'
[Mon Mar 10 23:43:16.406697 2025] [mpm_prefork:notice] [pid 1:tid 1] AH00170: caught SIGWINCH, shutting down gracefully
AH00558: apache2: Could not reliably determine the server's fully qualified domain name, using 172.23.0.6. Set the 'ServerName' directive globally to suppress this message
[Mon Mar 10 23:43:36.462365 2025] [mpm_prefork:notice] [pid 1:tid 1] AH00163: Apache/2.4.62 (Debian) PHP/8.2.27 configured -- resuming normal operations
[Mon Mar 10 23:43:36.463681 2025] [core:notice] [pid 1:tid 1] AH00094: Command line: 'apache2 -D FOREGROUND'
[Mon Mar 10 23:46:57.220845 2025] [mpm_prefork:notice] [pid 1:tid 1] AH00170: caught SIGWINCH, shutting down gracefully
AH00558: apache2: Could not reliably determine the server's fully qualified domain name, using 172.23.0.7. Set the 'ServerName' directive globally to suppress this message
[Mon Mar 10 23:47:16.665710 2025] [mpm_prefork:notice] [pid 1:tid 1] AH00163: Apache/2.4.62 (Debian) PHP/8.2.27 configured -- resuming normal operations
[Mon Mar 10 23:47:16.666254 2025] [core:notice] [pid 1:tid 1] AH00094: Command line: 'apache2 -D FOREGROUND'
[Mon Mar 10 23:54:35.541930 2025] [mpm_prefork:notice] [pid 1:tid 1] AH00170: caught SIGWINCH, shutting down gracefully
AH00558: apache2: Could not reliably determine the server's fully qualified domain name, using 172.23.0.7. Set the 'ServerName' directive globally to suppress this message
[Mon Mar 10 23:54:54.959175 2025] [mpm_prefork:notice] [pid 1:tid 1] AH00163: Apache/2.4.62 (Debian) PHP/8.2.27 configured -- resuming normal operations
[Mon Mar 10 23:54:54.960703 2025] [core:notice] [pid 1:tid 1] AH00094: Command line: 'apache2 -D FOREGROUND'
[Tue Mar 11 00:03:44.958134 2025] [mpm_prefork:notice] [pid 1:tid 1] AH00170: caught SIGWINCH, shutting down gracefully
AH00558: apache2: Could not reliably determine the server's fully qualified domain name, using 172.23.0.6. Set the 'ServerName' directive globally to suppress this message
[Tue Mar 11 00:04:09.875187 2025] [mpm_prefork:notice] [pid 1:tid 1] AH00163: Apache/2.4.62 (Debian) PHP/8.2.27 configured -- resuming normal operations
[Tue Mar 11 00:04:09.876056 2025] [core:notice] [pid 1:tid 1] AH00094: Command line: 'apache2 -D FOREGROUND'
[Tue Mar 11 00:06:02.641337 2025] [mpm_prefork:notice] [pid 1:tid 1] AH00170: caught SIGWINCH, shutting down gracefully
AH00558: apache2: Could not reliably determine the server's fully qualified domain name, using 172.23.0.6. Set the 'ServerName' directive globally to suppress this message
[Tue Mar 11 00:06:18.590344 2025] [mpm_prefork:notice] [pid 1:tid 1] AH00163: Apache/2.4.62 (Debian) PHP/8.2.27 configured -- resuming normal operations
[Tue Mar 11 00:06:18.592574 2025] [core:notice] [pid 1:tid 1] AH00094: Command line: 'apache2 -D FOREGROUND'
[Tue Mar 11 00:08:07.343091 2025] [mpm_prefork:notice] [pid 1:tid 1] AH00170: caught SIGWINCH, shutting down gracefully
AH00558: apache2: Could not reliably determine the server's fully qualified domain name, using 172.23.0.6. Set the 'ServerName' directive globally to suppress this message
[Tue Mar 11 00:10:25.748273 2025] [mpm_prefork:notice] [pid 1:tid 1] AH00163: Apache/2.4.62 (Debian) PHP/8.2.27 configured -- resuming normal operations
[Tue Mar 11 00:10:25.750446 2025] [core:notice] [pid 1:tid 1] AH00094: Command line: 'apache2 -D FOREGROUND'
[Tue Mar 11 00:18:45.026295 2025] [mpm_prefork:notice] [pid 1:tid 1] AH00170: caught SIGWINCH, shutting down gracefully
AH00558: apache2: Could not reliably determine the server's fully qualified domain name, using 172.23.0.7. Set the 'ServerName' directive globally to suppress this message
[Tue Mar 11 00:19:02.244102 2025] [mpm_prefork:notice] [pid 1:tid 1] AH00163: Apache/2.4.62 (Debian) PHP/8.2.27 configured -- resuming normal operations
[Tue Mar 11 00:19:02.245031 2025] [core:notice] [pid 1:tid 1] AH00094: Command line: 'apache2 -D FOREGROUND'
[Tue Mar 11 00:24:10.135247 2025] [mpm_prefork:notice] [pid 1:tid 1] AH00170: caught SIGWINCH, shutting down gracefully
AH00558: apache2: Could not reliably determine the server's fully qualified domain name, using 172.23.0.6. Set the 'ServerName' directive globally to suppress this message
[Tue Mar 11 00:24:27.561762 2025] [mpm_prefork:notice] [pid 1:tid 1] AH00163: Apache/2.4.62 (Debian) PHP/8.2.27 configured -- resuming normal operations
[Tue Mar 11 00:24:27.562438 2025] [core:notice] [pid 1:tid 1] AH00094: Command line: 'apache2 -D FOREGROUND'
[Tue Mar 11 00:28:26.050034 2025] [mpm_prefork:notice] [pid 1:tid 1] AH00170: caught SIGWINCH, shutting down gracefully
AH00558: apache2: Could not reliably determine the server's fully qualified domain name, using 172.23.0.8. Set the 'ServerName' directive globally to suppress this message
[Tue Mar 11 00:28:47.124902 2025] [mpm_prefork:notice] [pid 1:tid 1] AH00163: Apache/2.4.62 (Debian) PHP/8.2.27 configured -- resuming normal operations
[Tue Mar 11 00:28:47.125800 2025] [core:notice] [pid 1:tid 1] AH00094: Command line: 'apache2 -D FOREGROUND'
[Tue Mar 11 00:36:16.896321 2025] [mpm_prefork:notice] [pid 1:tid 1] AH00170: caught SIGWINCH, shutting down gracefully
AH00558: apache2: Could not reliably determine the server's fully qualified domain name, using 172.23.0.6. Set the 'ServerName' directive globally to suppress this message
[Tue Mar 11 00:36:36.326075 2025] [mpm_prefork:notice] [pid 1:tid 1] AH00163: Apache/2.4.62 (Debian) PHP/8.2.27 configured -- resuming normal operations
[Tue Mar 11 00:36:36.326553 2025] [core:notice] [pid 1:tid 1] AH00094: Command line: 'apache2 -D FOREGROUND'
[Tue Mar 11 00:54:19.970825 2025] [mpm_prefork:notice] [pid 1:tid 1] AH00170: caught SIGWINCH, shutting down gracefully
