AH00558: apache2: Could not reliably determine the server's fully qualified domain name, using 172.23.0.6. Set the 'ServerName' directive globally to suppress this message
[Mon Mar 10 23:54:54.898809 2025] [mpm_prefork:notice] [pid 1:tid 1] AH00163: Apache/2.4.62 (Debian) PHP/8.2.27 configured -- resuming normal operations
[Mon Mar 10 23:54:54.908541 2025] [core:notice] [pid 1:tid 1] AH00094: Command line: 'apache2 -D FOREGROUND'
[Tue Mar 11 00:03:45.153723 2025] [mpm_prefork:notice] [pid 1:tid 1] AH00170: caught SIGWINCH, shutting down gracefully
AH00558: apache2: Could not reliably determine the server's fully qualified domain name, using 172.23.0.7. Set the 'ServerName' directive globally to suppress this message
[Tue Mar 11 00:04:10.238549 2025] [mpm_prefork:notice] [pid 1:tid 1] AH00163: Apache/2.4.62 (Debian) PHP/8.2.27 configured -- resuming normal operations
[Tue Mar 11 00:04:10.239263 2025] [core:notice] [pid 1:tid 1] AH00094: Command line: 'apache2 -D FOREGROUND'
[Tue Mar 11 00:06:02.400355 2025] [mpm_prefork:notice] [pid 1:tid 1] AH00170: caught SIGWINCH, shutting down gracefully
AH00558: apache2: Could not reliably determine the server's fully qualified domain name, using 172.23.0.7. Set the 'ServerName' directive globally to suppress this message
[Tue Mar 11 00:06:18.611393 2025] [mpm_prefork:notice] [pid 1:tid 1] AH00163: Apache/2.4.62 (Debian) PHP/8.2.27 configured -- resuming normal operations
[Tue Mar 11 00:06:18.612509 2025] [core:notice] [pid 1:tid 1] AH00094: Command line: 'apache2 -D FOREGROUND'
[Tue Mar 11 00:08:07.547124 2025] [mpm_prefork:notice] [pid 1:tid 1] AH00170: caught SIGWINCH, shutting down gracefully
AH00558: apache2: Could not reliably determine the server's fully qualified domain name, using 172.23.0.9. Set the 'ServerName' directive globally to suppress this message
[Tue Mar 11 00:10:25.883670 2025] [mpm_prefork:notice] [pid 1:tid 1] AH00163: Apache/2.4.62 (Debian) PHP/8.2.27 configured -- resuming normal operations
[Tue Mar 11 00:10:25.886075 2025] [core:notice] [pid 1:tid 1] AH00094: Command line: 'apache2 -D FOREGROUND'
[Tue Mar 11 00:18:44.804645 2025] [mpm_prefork:notice] [pid 1:tid 1] AH00170: caught SIGWINCH, shutting down gracefully
AH00558: apache2: Could not reliably determine the server's fully qualified domain name, using 172.23.0.6. Set the 'ServerName' directive globally to suppress this message
[Tue Mar 11 00:19:02.158121 2025] [mpm_prefork:notice] [pid 1:tid 1] AH00163: Apache/2.4.62 (Debian) PHP/8.2.27 configured -- resuming normal operations
[Tue Mar 11 00:19:02.158699 2025] [core:notice] [pid 1:tid 1] AH00094: Command line: 'apache2 -D FOREGROUND'
[Tue Mar 11 00:24:09.802575 2025] [mpm_prefork:notice] [pid 1:tid 1] AH00170: caught SIGWINCH, shutting down gracefully
AH00558: apache2: Could not reliably determine the server's fully qualified domain name, using 172.23.0.8. Set the 'ServerName' directive globally to suppress this message
[Tue Mar 11 00:24:27.756449 2025] [mpm_prefork:notice] [pid 1:tid 1] AH00163: Apache/2.4.62 (Debian) PHP/8.2.27 configured -- resuming normal operations
[Tue Mar 11 00:24:27.757058 2025] [core:notice] [pid 1:tid 1] AH00094: Command line: 'apache2 -D FOREGROUND'
[Tue Mar 11 00:28:26.437342 2025] [mpm_prefork:notice] [pid 1:tid 1] AH00170: caught SIGWINCH, shutting down gracefully
AH00558: apache2: Could not reliably determine the server's fully qualified domain name, using 172.23.0.6. Set the 'ServerName' directive globally to suppress this message
[Tue Mar 11 00:28:46.719642 2025] [mpm_prefork:notice] [pid 1:tid 1] AH00163: Apache/2.4.62 (Debian) PHP/8.2.27 configured -- resuming normal operations
[Tue Mar 11 00:28:46.725780 2025] [core:notice] [pid 1:tid 1] AH00094: Command line: 'apache2 -D FOREGROUND'
[Tue Mar 11 00:36:16.754771 2025] [mpm_prefork:notice] [pid 1:tid 1] AH00170: caught SIGWINCH, shutting down gracefully
AH00558: apache2: Could not reliably determine the server's fully qualified domain name, using 172.23.0.7. Set the 'ServerName' directive globally to suppress this message
[Tue Mar 11 00:36:36.408895 2025] [mpm_prefork:notice] [pid 1:tid 1] AH00163: Apache/2.4.62 (Debian) PHP/8.2.27 configured -- resuming normal operations
[Tue Mar 11 00:36:36.409678 2025] [core:notice] [pid 1:tid 1] AH00094: Command line: 'apache2 -D FOREGROUND'
[Tue Mar 11 00:54:19.794235 2025] [mpm_prefork:notice] [pid 1:tid 1] AH00170: caught SIGWINCH, shutting down gracefully
