mysqld, Version: 5.7.44-log (MySQL Community Server (GPL)). started with:
Tcp port: 0  Unix socket: /var/run/mysqld/mysqld.sock
Time                 Id Command    Argument
# Time: 2025-03-18T21:06:16.047924Z
# User@Host: root[root] @  [172.23.0.9]  Id:    38
# Query_time: 5.000464  Lock_time: 0.000000 Rows_sent: 1  Rows_examined: 0
use wordpress1;
SET timestamp=1742331976;
SELECT SLEEP(5);
# Time: 2025-03-18T21:10:25.683025Z
# User@Host: root[root] @  [172.23.0.9]  Id:    45
# Query_time: 5.000429  Lock_time: 0.000000 Rows_sent: 1  Rows_examined: 0
SET timestamp=1742332225;
SELECT SLEEP(5);
mysqld, Version: 5.7.44-log (MySQL Community Server (GPL)). started with:
Tcp port: 0  Unix socket: /var/run/mysqld/mysqld.sock
Time                 Id Command    Argument
# Time: 2025-03-18T21:20:02.419234Z
# User@Host: root[root] @  [172.23.0.8]  Id:     6
# Query_time: 5.011453  Lock_time: 0.000000 Rows_sent: 1  Rows_examined: 0
use wordpress1;
SET timestamp=1742332802;
SELECT SLEEP(5);
mysqld, Version: 5.7.44-log (MySQL Community Server (GPL)). started with:
Tcp port: 0  Unix socket: /var/run/mysqld/mysqld.sock
Time                 Id Command    Argument
mysqld, Version: 5.7.44-log (MySQL Community Server (GPL)). started with:
Tcp port: 0  Unix socket: /var/run/mysqld/mysqld.sock
Time                 Id Command    Argument
mysqld, Version: 5.7.44-log (MySQL Community Server (GPL)). started with:
Tcp port: 0  Unix socket: /var/run/mysqld/mysqld.sock
Time                 Id Command    Argument
mysqld, Version: 5.7.44-log (MySQL Community Server (GPL)). started with:
Tcp port: 0  Unix socket: /var/run/mysqld/mysqld.sock
Time                 Id Command    Argument
mysqld, Version: 5.7.44-log (MySQL Community Server (GPL)). started with:
Tcp port: 0  Unix socket: /var/run/mysqld/mysqld.sock
Time                 Id Command    Argument
mysqld, Version: 5.7.44-log (MySQL Community Server (GPL)). started with:
Tcp port: 0  Unix socket: /var/run/mysqld/mysqld.sock
Time                 Id Command    Argument
# Time: 2025-03-18T22:30:49.209488Z
# User@Host: root[root] @  [172.23.0.7]  Id:    26
# Query_time: 5.000497  Lock_time: 0.000000 Rows_sent: 1  Rows_examined: 0
use wordpress1;
SET timestamp=1742337049;
SELECT SLEEP(5);
mysqld, Version: 5.7.44-log (MySQL Community Server (GPL)). started with:
Tcp port: 0  Unix socket: /var/run/mysqld/mysqld.sock
Time                 Id Command    Argument
mysqld, Version: 5.7.44-log (MySQL Community Server (GPL)). started with:
Tcp port: 0  Unix socket: /var/run/mysqld/mysqld.sock
Time                 Id Command    Argument
mysqld, Version: 5.7.44-log (MySQL Community Server (GPL)). started with:
Tcp port: 0  Unix socket: /var/run/mysqld/mysqld.sock
Time                 Id Command    Argument
# Time: 2025-04-30T22:48:27.282993Z
# User@Host: root[root] @ localhost []  Id:     3
# Query_time: 1.219920  Lock_time: 0.000485 Rows_sent: 0  Rows_examined: 0
use mysql;
SET timestamp=1746053307;
INSERT INTO time_zone_transition (Time_zone_id, Transition_time, Transition_type_id) VALUES
 (@time_zone_id, -1680508800, 0)
,(@time_zone_id, -1665388800, 1)
,(@time_zone_id, -1646640000, 0)
,(@time_zone_id, -1635753600, 1)
,(@time_zone_id, -1615190400, 0)
,(@time_zone_id, -1604304000, 1)
,(@time_zone_id, -1583920800, 2)
,(@time_zone_id, -883641600, 0)
,(@time_zone_id, -876124800, 1)
,(@time_zone_id, -860400000, 0)
,(@time_zone_id, -844675200, 1)
,(@time_zone_id, -828345600, 0)
,(@time_zone_id, -813225600, 1)
,(@time_zone_id, -94730400, 2)
,(@time_zone_id, -71136000, 0)
,(@time_zone_id, -55411200, 1)
,(@time_zone_id, -37267200, 0)
,(@time_zone_id, -25776000, 1)
,(@time_zone_id, -5817600, 0)
,(@time_zone_id, 5673600, 1)
,(@time_zone_id, 25632000, 0)
,(@time_zone_id, 37728000, 1)
,(@time_zone_id, 57686400, 0)
,(@time_zone_id, 67968000, 1)
,(@time_zone_id, 89136001, 0)
,(@time_zone_id, 100022402, 1)
,(@time_zone_id, 120585602, 0)
,(@time_zone_id, 131472003, 1)
,(@time_zone_id, 152035203, 0)
,(@time_zone_id, 162921604, 1)
,(@time_zone_id, 183484804, 0)
,(@time_zone_id, 194976005, 1)
,(@time_zone_id, 215539205, 0)
,(@time_zone_id, 226425606, 1)
,(@time_zone_id, 246988806, 0)
,(@time_zone_id, 257875207, 1)
,(@time_zone_id, 278438407, 0)
,(@time_zone_id, 289324808, 1)
,(@time_zone_id, 309888008, 0)
,(@time_zone_id, 320774409, 1)
,(@time_zone_id, 341337609, 0)
,(@time_zone_id, 352224009, 1)
,(@time_zone_id, 372787210, 0)
,(@time_zone_id, 386092810, 1)
,(@time_zone_id, 404841611, 0)
,(@time_zone_id, 417542411, 1)
,(@time_zone_id, 436291212, 0)
,(@time_zone_id, 447177612, 1)
,(@time_zone_id, 467740812, 0)
,(@time_zone_id, 478627212, 1)
,(@time_zone_id, 499190413, 0)
,(@time_zone_id, 510076813, 1)
,(@time_zone_id, 530035213, 0)
,(@time_zone_id, 542736013, 1)
,(@time_zone_id, 562089613, 0)
,(@time_zone_id, 574790414, 1)
,(@time_zone_id, 594144014, 0)
,(@time_zone_id, 606240014, 1)
,(@time_zone_id, 625593614, 0)
,(@time_zone_id, 637689615, 1)
,(@time_zone_id, 657043215, 0)
,(@time_zone_id, 670348816, 1)
,(@time_zone_id, 686678416, 0)
,(@time_zone_id, 701798416, 1)
,(@time_zone_id, 718128017, 0)
,(@time_zone_id, 733248017, 1)
,(@time_zone_id, 749577618, 0)
,(@time_zone_id, 764697618, 1)
,(@time_zone_id, 781027219, 0)
,(@time_zone_id, 796147219, 1)
,(@time_zone_id, 812476819, 0)
,(@time_zone_id, 828201620, 1)
,(@time_zone_id, 844531220, 0)
,(@time_zone_id, 859651220, 1)
,(@time_zone_id, 875980821, 0)
,(@time_zone_id, 891100821, 1)
,(@time_zone_id, 907430421, 0)
,(@time_zone_id, 922550422, 1)
,(@time_zone_id, 938880022, 0)
,(@time_zone_id, 954000022, 1)
,(@time_zone_id, 967305622, 0)
,(@time_zone_id, 985449622, 1)
,(@time_zone_id, 1002384022, 0)
,(@time_zone_id, 1017504022, 1)
,(@time_zone_id, 1033833622, 0)
,(@time_zone_id, 1048953622, 1)
,(@time_zone_id, 1065283222, 0)
,(@time_zone_id, 1080403222, 1)
,(@time_zone_id, 1096732822, 0)
,(@time_zone_id, 1111852822, 1)
,(@time_zone_id, 1128182422, 0)
,(@time_zone_id, 1143907223, 1)
,(@time_zone_id, 1159632023, 0)
,(@time_zone_id, 1174752023, 1)
,(@time_zone_id, 1191686423, 0)
,(@time_zone_id, 1207411223, 1)
,(@time_zone_id, 1223136023, 0)
,(@time_zone_id, 1238860824, 1)
,(@time_zone_id, 1254585624, 0)
,(@time_zone_id, 1270310424, 1)
,(@time_zone_id, 1286035224, 0)
,(@time_zone_id, 1301760024, 1)
,(@time_zone_id, 1317484824, 0)
,(@time_zone_id, 1333209624, 1)
,(@time_zone_id, 1349539225, 0)
,(@time_zone_id, 1365264025, 1)
,(@time_zone_id, 1380988825, 0)
,(@time_zone_id, 1396713625, 1)
,(@time_zone_id, 1412438425, 0)
,(@time_zone_id, 1428163225, 1)
,(@time_zone_id, 1443888026, 0)
,(@time_zone_id, 1459612826, 1)
,(@time_zone_id, 1475337626, 0)
,(@time_zone_id, 1491062427, 1)
,(@time_zone_id, 1506787227, 0)
,(@time_zone_id, 1522512027, 1)
,(@time_zone_id, 1538841627, 0)
,(@time_zone_id, 1554566427, 1)
,(@time_zone_id, 1570291227, 0)
,(@time_zone_id, 1586016027, 1)
,(@time_zone_id, 1601740827, 0)
,(@time_zone_id, 1617465627, 1)
,(@time_zone_id, 1633190427, 0)
,(@time_zone_id, 1648915227, 1)
,(@time_zone_id, 1664640027, 0)
,(@time_zone_id, 1680364827, 1)
,(@time_zone_id, 1696089627, 0)
,(@time_zone_id, 1712419227, 1)
,(@time_zone_id, 1728144027, 0)
,(@time_zone_id, 1743868827, 1)
,(@time_zone_id, 1759593627, 0)
,(@time_zone_id, 1775318427, 1)
,(@time_zone_id, 1791043227, 0)
,(@time_zone_id, 1806768027, 1)
,(@time_zone_id, 1822492827, 0)
,(@time_zone_id, 1838217627, 1)
,(@time_zone_id, 1853942427, 0)
,(@time_zone_id, 1869667227, 1)
,(@time_zone_id, 1885996827, 0)
,(@time_zone_id, 1901721627, 1)
,(@time_zone_id, 1917446427, 0)
,(@time_zone_id, 1933171227, 1)
,(@time_zone_id, 1948896027, 0)
,(@time_zone_id, 1964620827, 1)
,(@time_zone_id, 1980345627, 0)
,(@time_zone_id, 1996070427, 1)
,(@time_zone_id, 2011795227, 0)
,(@time_zone_id, 2027520027, 1)
,(@time_zone_id, 2043244827, 0)
,(@time_zone_id, 2058969627, 1)
,(@time_zone_id, 2075299227, 0)
,(@time_zone_id, 2091024027, 1)
,(@time_zone_id, 2106748827, 0)
,(@time_zone_id, 2122473627, 1)
,(@time_zone_id, 2138198427, 0);
mysqld, Version: 5.7.44-log (MySQL Community Server (GPL)). started with:
Tcp port: 0  Unix socket: /var/run/mysqld/mysqld.sock
Time                 Id Command    Argument
mysqld, Version: 5.7.44-log (MySQL Community Server (GPL)). started with:
Tcp port: 0  Unix socket: /var/run/mysqld/mysqld.sock
Time                 Id Command    Argument
mysqld, Version: 5.7.44-log (MySQL Community Server (GPL)). started with:
Tcp port: 0  Unix socket: /var/run/mysqld/mysqld.sock
Time                 Id Command    Argument
mysqld, Version: 5.7.44-log (MySQL Community Server (GPL)). started with:
Tcp port: 0  Unix socket: /var/run/mysqld/mysqld.sock
Time                 Id Command    Argument
mysqld, Version: 5.7.44-log (MySQL Community Server (GPL)). started with:
Tcp port: 0  Unix socket: /var/run/mysqld/mysqld.sock
Time                 Id Command    Argument
mysqld, Version: 5.7.44-log (MySQL Community Server (GPL)). started with:
Tcp port: 0  Unix socket: /var/run/mysqld/mysqld.sock
Time                 Id Command    Argument
# Time: 2025-05-03T00:18:48.066955Z
# User@Host: root[root] @ localhost []  Id:     3
# Query_time: 1.046220  Lock_time: 0.000576 Rows_sent: 0  Rows_examined: 0
use mysql;
SET timestamp=1746231528;
INSERT INTO time_zone_transition (Time_zone_id, Transition_time, Transition_type_id) VALUES
 (@time_zone_id, -1680508800, 0)
,(@time_zone_id, -1665388800, 1)
,(@time_zone_id, -1646640000, 0)
,(@time_zone_id, -1635753600, 1)
,(@time_zone_id, -1615190400, 0)
,(@time_zone_id, -1604304000, 1)
,(@time_zone_id, -1583920800, 2)
,(@time_zone_id, -883641600, 0)
,(@time_zone_id, -876124800, 1)
,(@time_zone_id, -860400000, 0)
,(@time_zone_id, -844675200, 1)
,(@time_zone_id, -828345600, 0)
,(@time_zone_id, -813225600, 1)
,(@time_zone_id, -94730400, 2)
,(@time_zone_id, -71136000, 0)
,(@time_zone_id, -55411200, 1)
,(@time_zone_id, -37267200, 0)
,(@time_zone_id, -25776000, 1)
,(@time_zone_id, -5817600, 0)
,(@time_zone_id, 5673600, 1)
,(@time_zone_id, 25632000, 0)
,(@time_zone_id, 37728000, 1)
,(@time_zone_id, 57686400, 0)
,(@time_zone_id, 67968000, 1)
,(@time_zone_id, 89136001, 0)
,(@time_zone_id, 100022402, 1)
,(@time_zone_id, 120585602, 0)
,(@time_zone_id, 131472003, 1)
,(@time_zone_id, 152035203, 0)
,(@time_zone_id, 162921604, 1)
,(@time_zone_id, 183484804, 0)
,(@time_zone_id, 194976005, 1)
,(@time_zone_id, 215539205, 0)
,(@time_zone_id, 226425606, 1)
,(@time_zone_id, 246988806, 0)
,(@time_zone_id, 257875207, 1)
,(@time_zone_id, 278438407, 0)
,(@time_zone_id, 289324808, 1)
,(@time_zone_id, 309888008, 0)
,(@time_zone_id, 320774409, 1)
,(@time_zone_id, 341337609, 0)
,(@time_zone_id, 352224009, 1)
,(@time_zone_id, 372787210, 0)
,(@time_zone_id, 386092810, 1)
,(@time_zone_id, 404841611, 0)
,(@time_zone_id, 417542411, 1)
,(@time_zone_id, 436291212, 0)
,(@time_zone_id, 447177612, 1)
,(@time_zone_id, 467740812, 0)
,(@time_zone_id, 478627212, 1)
,(@time_zone_id, 499190413, 0)
,(@time_zone_id, 510076813, 1)
,(@time_zone_id, 530035213, 0)
,(@time_zone_id, 542736013, 1)
,(@time_zone_id, 562089613, 0)
,(@time_zone_id, 574790414, 1)
,(@time_zone_id, 594144014, 0)
,(@time_zone_id, 606240014, 1)
,(@time_zone_id, 625593614, 0)
,(@time_zone_id, 637689615, 1)
,(@time_zone_id, 657043215, 0)
,(@time_zone_id, 670348816, 1)
,(@time_zone_id, 686678416, 0)
,(@time_zone_id, 701798416, 1)
,(@time_zone_id, 718128017, 0)
,(@time_zone_id, 733248017, 1)
,(@time_zone_id, 749577618, 0)
,(@time_zone_id, 764697618, 1)
,(@time_zone_id, 781027219, 0)
,(@time_zone_id, 796147219, 1)
,(@time_zone_id, 812476819, 0)
,(@time_zone_id, 828201620, 1)
,(@time_zone_id, 844531220, 0)
,(@time_zone_id, 859651220, 1)
,(@time_zone_id, 875980821, 0)
,(@time_zone_id, 891100821, 1)
,(@time_zone_id, 907430421, 0)
,(@time_zone_id, 922550422, 1)
,(@time_zone_id, 938880022, 0)
,(@time_zone_id, 954000022, 1)
,(@time_zone_id, 967305622, 0)
,(@time_zone_id, 985449622, 1)
,(@time_zone_id, 1002384022, 0)
,(@time_zone_id, 1017504022, 1)
,(@time_zone_id, 1033833622, 0)
,(@time_zone_id, 1048953622, 1)
,(@time_zone_id, 1065283222, 0)
,(@time_zone_id, 1080403222, 1)
,(@time_zone_id, 1096732822, 0)
,(@time_zone_id, 1111852822, 1)
,(@time_zone_id, 1128182422, 0)
,(@time_zone_id, 1143907223, 1)
,(@time_zone_id, 1159632023, 0)
,(@time_zone_id, 1174752023, 1)
,(@time_zone_id, 1191686423, 0)
,(@time_zone_id, 1207411223, 1)
,(@time_zone_id, 1223136023, 0)
,(@time_zone_id, 1238860824, 1)
,(@time_zone_id, 1254585624, 0)
,(@time_zone_id, 1270310424, 1)
,(@time_zone_id, 1286035224, 0)
,(@time_zone_id, 1301760024, 1)
,(@time_zone_id, 1317484824, 0)
,(@time_zone_id, 1333209624, 1)
,(@time_zone_id, 1349539225, 0)
,(@time_zone_id, 1365264025, 1)
,(@time_zone_id, 1380988825, 0)
,(@time_zone_id, 1396713625, 1)
,(@time_zone_id, 1412438425, 0)
,(@time_zone_id, 1428163225, 1)
,(@time_zone_id, 1443888026, 0)
,(@time_zone_id, 1459612826, 1)
,(@time_zone_id, 1475337626, 0)
,(@time_zone_id, 1491062427, 1)
,(@time_zone_id, 1506787227, 0)
,(@time_zone_id, 1522512027, 1)
,(@time_zone_id, 1538841627, 0)
,(@time_zone_id, 1554566427, 1)
,(@time_zone_id, 1570291227, 0)
,(@time_zone_id, 1586016027, 1)
,(@time_zone_id, 1601740827, 0)
,(@time_zone_id, 1617465627, 1)
,(@time_zone_id, 1633190427, 0)
,(@time_zone_id, 1648915227, 1)
,(@time_zone_id, 1664640027, 0)
,(@time_zone_id, 1680364827, 1)
,(@time_zone_id, 1696089627, 0)
,(@time_zone_id, 1712419227, 1)
,(@time_zone_id, 1728144027, 0)
,(@time_zone_id, 1743868827, 1)
,(@time_zone_id, 1759593627, 0)
,(@time_zone_id, 1775318427, 1)
,(@time_zone_id, 1791043227, 0)
,(@time_zone_id, 1806768027, 1)
,(@time_zone_id, 1822492827, 0)
,(@time_zone_id, 1838217627, 1)
,(@time_zone_id, 1853942427, 0)
,(@time_zone_id, 1869667227, 1)
,(@time_zone_id, 1885996827, 0)
,(@time_zone_id, 1901721627, 1)
,(@time_zone_id, 1917446427, 0)
,(@time_zone_id, 1933171227, 1)
,(@time_zone_id, 1948896027, 0)
,(@time_zone_id, 1964620827, 1)
,(@time_zone_id, 1980345627, 0)
,(@time_zone_id, 1996070427, 1)
,(@time_zone_id, 2011795227, 0)
,(@time_zone_id, 2027520027, 1)
,(@time_zone_id, 2043244827, 0)
,(@time_zone_id, 2058969627, 1)
,(@time_zone_id, 2075299227, 0)
,(@time_zone_id, 2091024027, 1)
,(@time_zone_id, 2106748827, 0)
,(@time_zone_id, 2122473627, 1)
,(@time_zone_id, 2138198427, 0);
mysqld, Version: 5.7.44-log (MySQL Community Server (GPL)). started with:
Tcp port: 0  Unix socket: /var/run/mysqld/mysqld.sock
Time                 Id Command    Argument
mysqld, Version: 5.7.44-log (MySQL Community Server (GPL)). started with:
Tcp port: 0  Unix socket: /var/run/mysqld/mysqld.sock
Time                 Id Command    Argument
mysqld, Version: 5.7.44-log (MySQL Community Server (GPL)). started with:
Tcp port: 0  Unix socket: /var/run/mysqld/mysqld.sock
Time                 Id Command    Argument
mysqld, Version: 5.7.44-log (MySQL Community Server (GPL)). started with:
Tcp port: 0  Unix socket: /var/run/mysqld/mysqld.sock
Time                 Id Command    Argument
mysqld, Version: 5.7.44-log (MySQL Community Server (GPL)). started with:
Tcp port: 0  Unix socket: /var/run/mysqld/mysqld.sock
Time                 Id Command    Argument
mysqld, Version: 5.7.44-log (MySQL Community Server (GPL)). started with:
Tcp port: 0  Unix socket: /var/run/mysqld/mysqld.sock
Time                 Id Command    Argument
mysqld, Version: 5.7.44-log (MySQL Community Server (GPL)). started with:
Tcp port: 0  Unix socket: /var/run/mysqld/mysqld.sock
Time                 Id Command    Argument
mysqld, Version: 5.7.44-log (MySQL Community Server (GPL)). started with:
Tcp port: 0  Unix socket: /var/run/mysqld/mysqld.sock
Time                 Id Command    Argument
mysqld, Version: 5.7.44-log (MySQL Community Server (GPL)). started with:
Tcp port: 0  Unix socket: /var/run/mysqld/mysqld.sock
Time                 Id Command    Argument
mysqld, Version: 5.7.44-log (MySQL Community Server (GPL)). started with:
Tcp port: 0  Unix socket: /var/run/mysqld/mysqld.sock
Time                 Id Command    Argument
mysqld, Version: 5.7.44-log (MySQL Community Server (GPL)). started with:
Tcp port: 0  Unix socket: /var/run/mysqld/mysqld.sock
Time                 Id Command    Argument
mysqld, Version: 5.7.44-log (MySQL Community Server (GPL)). started with:
Tcp port: 0  Unix socket: /var/run/mysqld/mysqld.sock
Time                 Id Command    Argument
mysqld, Version: 5.7.44-log (MySQL Community Server (GPL)). started with:
Tcp port: 0  Unix socket: /var/run/mysqld/mysqld.sock
Time                 Id Command    Argument
mysqld, Version: 5.7.44-log (MySQL Community Server (GPL)). started with:
Tcp port: 0  Unix socket: /var/run/mysqld/mysqld.sock
Time                 Id Command    Argument
mysqld, Version: 5.7.44-log (MySQL Community Server (GPL)). started with:
Tcp port: 0  Unix socket: /var/run/mysqld/mysqld.sock
Time                 Id Command    Argument
# Time: 2025-05-05T06:20:08.139461Z
# User@Host: root[root] @ localhost []  Id:     3
# Query_time: 1.237284  Lock_time: 0.000325 Rows_sent: 0  Rows_examined: 0
use mysql;
SET timestamp=1746426008;
INSERT INTO time_zone_transition (Time_zone_id, Transition_time, Transition_type_id) VALUES
 (@time_zone_id, -1680508800, 0)
,(@time_zone_id, -1665388800, 1)
,(@time_zone_id, -1646640000, 0)
,(@time_zone_id, -1635753600, 1)
,(@time_zone_id, -1615190400, 0)
,(@time_zone_id, -1604304000, 1)
,(@time_zone_id, -1583920800, 2)
,(@time_zone_id, -883641600, 0)
,(@time_zone_id, -876124800, 1)
,(@time_zone_id, -860400000, 0)
,(@time_zone_id, -844675200, 1)
,(@time_zone_id, -828345600, 0)
,(@time_zone_id, -813225600, 1)
,(@time_zone_id, -94730400, 2)
,(@time_zone_id, -71136000, 0)
,(@time_zone_id, -55411200, 1)
,(@time_zone_id, -37267200, 0)
,(@time_zone_id, -25776000, 1)
,(@time_zone_id, -5817600, 0)
,(@time_zone_id, 5673600, 1)
,(@time_zone_id, 25632000, 0)
,(@time_zone_id, 37728000, 1)
,(@time_zone_id, 57686400, 0)
,(@time_zone_id, 67968000, 1)
,(@time_zone_id, 89136001, 0)
,(@time_zone_id, 100022402, 1)
,(@time_zone_id, 120585602, 0)
,(@time_zone_id, 131472003, 1)
,(@time_zone_id, 152035203, 0)
,(@time_zone_id, 162921604, 1)
,(@time_zone_id, 183484804, 0)
,(@time_zone_id, 194976005, 1)
,(@time_zone_id, 215539205, 0)
,(@time_zone_id, 226425606, 1)
,(@time_zone_id, 246988806, 0)
,(@time_zone_id, 257875207, 1)
,(@time_zone_id, 278438407, 0)
,(@time_zone_id, 289324808, 1)
,(@time_zone_id, 309888008, 0)
,(@time_zone_id, 320774409, 1)
,(@time_zone_id, 341337609, 0)
,(@time_zone_id, 352224009, 1)
,(@time_zone_id, 372787210, 0)
,(@time_zone_id, 386092810, 1)
,(@time_zone_id, 404841611, 0)
,(@time_zone_id, 417542411, 1)
,(@time_zone_id, 436291212, 0)
,(@time_zone_id, 447177612, 1)
,(@time_zone_id, 467740812, 0)
,(@time_zone_id, 478627212, 1)
,(@time_zone_id, 499190413, 0)
,(@time_zone_id, 510076813, 1)
,(@time_zone_id, 530035213, 0)
,(@time_zone_id, 542736013, 1)
,(@time_zone_id, 562089613, 0)
,(@time_zone_id, 574790414, 1)
,(@time_zone_id, 594144014, 0)
,(@time_zone_id, 606240014, 1)
,(@time_zone_id, 625593614, 0)
,(@time_zone_id, 637689615, 1)
,(@time_zone_id, 657043215, 0)
,(@time_zone_id, 670348816, 1)
,(@time_zone_id, 686678416, 0)
,(@time_zone_id, 701798416, 1)
,(@time_zone_id, 718128017, 0)
,(@time_zone_id, 733248017, 1)
,(@time_zone_id, 749577618, 0)
,(@time_zone_id, 764697618, 1)
,(@time_zone_id, 781027219, 0)
,(@time_zone_id, 796147219, 1)
,(@time_zone_id, 812476819, 0)
,(@time_zone_id, 828201620, 1)
,(@time_zone_id, 844531220, 0)
,(@time_zone_id, 859651220, 1)
,(@time_zone_id, 875980821, 0)
,(@time_zone_id, 891100821, 1)
,(@time_zone_id, 907430421, 0)
,(@time_zone_id, 922550422, 1)
,(@time_zone_id, 938880022, 0)
,(@time_zone_id, 954000022, 1)
,(@time_zone_id, 967305622, 0)
,(@time_zone_id, 985449622, 1)
,(@time_zone_id, 1002384022, 0)
,(@time_zone_id, 1017504022, 1)
,(@time_zone_id, 1033833622, 0)
,(@time_zone_id, 1048953622, 1)
,(@time_zone_id, 1065283222, 0)
,(@time_zone_id, 1080403222, 1)
,(@time_zone_id, 1096732822, 0)
,(@time_zone_id, 1111852822, 1)
,(@time_zone_id, 1128182422, 0)
,(@time_zone_id, 1143907223, 1)
,(@time_zone_id, 1159632023, 0)
,(@time_zone_id, 1174752023, 1)
,(@time_zone_id, 1191686423, 0)
,(@time_zone_id, 1207411223, 1)
,(@time_zone_id, 1223136023, 0)
,(@time_zone_id, 1238860824, 1)
,(@time_zone_id, 1254585624, 0)
,(@time_zone_id, 1270310424, 1)
,(@time_zone_id, 1286035224, 0)
,(@time_zone_id, 1301760024, 1)
,(@time_zone_id, 1317484824, 0)
,(@time_zone_id, 1333209624, 1)
,(@time_zone_id, 1349539225, 0)
,(@time_zone_id, 1365264025, 1)
,(@time_zone_id, 1380988825, 0)
,(@time_zone_id, 1396713625, 1)
,(@time_zone_id, 1412438425, 0)
,(@time_zone_id, 1428163225, 1)
,(@time_zone_id, 1443888026, 0)
,(@time_zone_id, 1459612826, 1)
,(@time_zone_id, 1475337626, 0)
,(@time_zone_id, 1491062427, 1)
,(@time_zone_id, 1506787227, 0)
,(@time_zone_id, 1522512027, 1)
,(@time_zone_id, 1538841627, 0)
,(@time_zone_id, 1554566427, 1)
,(@time_zone_id, 1570291227, 0)
,(@time_zone_id, 1586016027, 1)
,(@time_zone_id, 1601740827, 0)
,(@time_zone_id, 1617465627, 1)
,(@time_zone_id, 1633190427, 0)
,(@time_zone_id, 1648915227, 1)
,(@time_zone_id, 1664640027, 0)
,(@time_zone_id, 1680364827, 1)
,(@time_zone_id, 1696089627, 0)
,(@time_zone_id, 1712419227, 1)
,(@time_zone_id, 1728144027, 0)
,(@time_zone_id, 1743868827, 1)
,(@time_zone_id, 1759593627, 0)
,(@time_zone_id, 1775318427, 1)
,(@time_zone_id, 1791043227, 0)
,(@time_zone_id, 1806768027, 1)
,(@time_zone_id, 1822492827, 0)
,(@time_zone_id, 1838217627, 1)
,(@time_zone_id, 1853942427, 0)
,(@time_zone_id, 1869667227, 1)
,(@time_zone_id, 1885996827, 0)
,(@time_zone_id, 1901721627, 1)
,(@time_zone_id, 1917446427, 0)
,(@time_zone_id, 1933171227, 1)
,(@time_zone_id, 1948896027, 0)
,(@time_zone_id, 1964620827, 1)
,(@time_zone_id, 1980345627, 0)
,(@time_zone_id, 1996070427, 1)
,(@time_zone_id, 2011795227, 0)
,(@time_zone_id, 2027520027, 1)
,(@time_zone_id, 2043244827, 0)
,(@time_zone_id, 2058969627, 1)
,(@time_zone_id, 2075299227, 0)
,(@time_zone_id, 2091024027, 1)
,(@time_zone_id, 2106748827, 0)
,(@time_zone_id, 2122473627, 1)
,(@time_zone_id, 2138198427, 0);
mysqld, Version: 5.7.44-log (MySQL Community Server (GPL)). started with:
Tcp port: 0  Unix socket: /var/run/mysqld/mysqld.sock
Time                 Id Command    Argument
mysqld, Version: 5.7.44-log (MySQL Community Server (GPL)). started with:
Tcp port: 0  Unix socket: /var/run/mysqld/mysqld.sock
Time                 Id Command    Argument
mysqld, Version: 5.7.44-log (MySQL Community Server (GPL)). started with:
Tcp port: 0  Unix socket: /var/run/mysqld/mysqld.sock
Time                 Id Command    Argument
mysqld, Version: 5.7.44-log (MySQL Community Server (GPL)). started with:
Tcp port: 0  Unix socket: /var/run/mysqld/mysqld.sock
Time                 Id Command    Argument
mysqld, Version: 5.7.44-log (MySQL Community Server (GPL)). started with:
Tcp port: 0  Unix socket: /var/run/mysqld/mysqld.sock
Time                 Id Command    Argument
mysqld, Version: 5.7.44-log (MySQL Community Server (GPL)). started with:
Tcp port: 0  Unix socket: /var/run/mysqld/mysqld.sock
Time                 Id Command    Argument
mysqld, Version: 5.7.44-log (MySQL Community Server (GPL)). started with:
Tcp port: 0  Unix socket: /var/run/mysqld/mysqld.sock
Time                 Id Command    Argument
mysqld, Version: 5.7.44-log (MySQL Community Server (GPL)). started with:
Tcp port: 0  Unix socket: /var/run/mysqld/mysqld.sock
Time                 Id Command    Argument
mysqld, Version: 5.7.44-log (MySQL Community Server (GPL)). started with:
Tcp port: 0  Unix socket: /var/run/mysqld/mysqld.sock
Time                 Id Command    Argument
mysqld, Version: 5.7.44-log (MySQL Community Server (GPL)). started with:
Tcp port: 0  Unix socket: /var/run/mysqld/mysqld.sock
Time                 Id Command    Argument
mysqld, Version: 5.7.44-log (MySQL Community Server (GPL)). started with:
Tcp port: 0  Unix socket: /var/run/mysqld/mysqld.sock
Time                 Id Command    Argument
mysqld, Version: 5.7.44-log (MySQL Community Server (GPL)). started with:
Tcp port: 0  Unix socket: /var/run/mysqld/mysqld.sock
Time                 Id Command    Argument
mysqld, Version: 5.7.44-log (MySQL Community Server (GPL)). started with:
Tcp port: 0  Unix socket: /var/run/mysqld/mysqld.sock
Time                 Id Command    Argument
mysqld, Version: 5.7.44-log (MySQL Community Server (GPL)). started with:
Tcp port: 0  Unix socket: /var/run/mysqld/mysqld.sock
Time                 Id Command    Argument
# Time: 2025-05-07T22:08:39.189563Z
# User@Host: root[root] @  [172.19.0.6]  Id:   462
# Query_time: 5.002345  Lock_time: 0.000000 Rows_sent: 1  Rows_examined: 0
use wordpress1;
SET timestamp=1746655719;
SELECT SLEEP(5);
# Time: 2025-05-09T21:25:07.859310Z
# User@Host: root[root] @  [172.19.0.6]  Id:   519
# Query_time: 5.002961  Lock_time: 0.000000 Rows_sent: 1  Rows_examined: 0
SET timestamp=1746825907;
SELECT SLEEP(5);
mysqld, Version: 5.7.44-log (MySQL Community Server (GPL)). started with:
Tcp port: 0  Unix socket: /var/run/mysqld/mysqld.sock
Time                 Id Command    Argument
mysqld, Version: 5.7.44-log (MySQL Community Server (GPL)). started with:
Tcp port: 0  Unix socket: /var/run/mysqld/mysqld.sock
Time                 Id Command    Argument
# Time: 2025-05-09T21:49:11.459126Z
# User@Host: root[root] @ localhost []  Id:     3
# Query_time: 2.282726  Lock_time: 0.000413 Rows_sent: 0  Rows_examined: 0
use mysql;
SET timestamp=1746827351;
INSERT INTO time_zone_transition (Time_zone_id, Transition_time, Transition_type_id) VALUES
 (@time_zone_id, -1680508800, 0)
,(@time_zone_id, -1665388800, 1)
,(@time_zone_id, -1646640000, 0)
,(@time_zone_id, -1635753600, 1)
,(@time_zone_id, -1615190400, 0)
,(@time_zone_id, -1604304000, 1)
,(@time_zone_id, -1583920800, 2)
,(@time_zone_id, -883641600, 0)
,(@time_zone_id, -876124800, 1)
,(@time_zone_id, -860400000, 0)
,(@time_zone_id, -844675200, 1)
,(@time_zone_id, -828345600, 0)
,(@time_zone_id, -813225600, 1)
,(@time_zone_id, -94730400, 2)
,(@time_zone_id, -71136000, 0)
,(@time_zone_id, -55411200, 1)
,(@time_zone_id, -37267200, 0)
,(@time_zone_id, -25776000, 1)
,(@time_zone_id, -5817600, 0)
,(@time_zone_id, 5673600, 1)
,(@time_zone_id, 25632000, 0)
,(@time_zone_id, 37728000, 1)
,(@time_zone_id, 57686400, 0)
,(@time_zone_id, 67968000, 1)
,(@time_zone_id, 89136001, 0)
,(@time_zone_id, 100022402, 1)
,(@time_zone_id, 120585602, 0)
,(@time_zone_id, 131472003, 1)
,(@time_zone_id, 152035203, 0)
,(@time_zone_id, 162921604, 1)
,(@time_zone_id, 183484804, 0)
,(@time_zone_id, 194976005, 1)
,(@time_zone_id, 215539205, 0)
,(@time_zone_id, 226425606, 1)
,(@time_zone_id, 246988806, 0)
,(@time_zone_id, 257875207, 1)
,(@time_zone_id, 278438407, 0)
,(@time_zone_id, 289324808, 1)
,(@time_zone_id, 309888008, 0)
,(@time_zone_id, 320774409, 1)
,(@time_zone_id, 341337609, 0)
,(@time_zone_id, 352224009, 1)
,(@time_zone_id, 372787210, 0)
,(@time_zone_id, 386092810, 1)
,(@time_zone_id, 404841611, 0)
,(@time_zone_id, 417542411, 1)
,(@time_zone_id, 436291212, 0)
,(@time_zone_id, 447177612, 1)
,(@time_zone_id, 467740812, 0)
,(@time_zone_id, 478627212, 1)
,(@time_zone_id, 499190413, 0)
,(@time_zone_id, 510076813, 1)
,(@time_zone_id, 530035213, 0)
,(@time_zone_id, 542736013, 1)
,(@time_zone_id, 562089613, 0)
,(@time_zone_id, 574790414, 1)
,(@time_zone_id, 594144014, 0)
,(@time_zone_id, 606240014, 1)
,(@time_zone_id, 625593614, 0)
,(@time_zone_id, 637689615, 1)
,(@time_zone_id, 657043215, 0)
,(@time_zone_id, 670348816, 1)
,(@time_zone_id, 686678416, 0)
,(@time_zone_id, 701798416, 1)
,(@time_zone_id, 718128017, 0)
,(@time_zone_id, 733248017, 1)
,(@time_zone_id, 749577618, 0)
,(@time_zone_id, 764697618, 1)
,(@time_zone_id, 781027219, 0)
,(@time_zone_id, 796147219, 1)
,(@time_zone_id, 812476819, 0)
,(@time_zone_id, 828201620, 1)
,(@time_zone_id, 844531220, 0)
,(@time_zone_id, 859651220, 1)
,(@time_zone_id, 875980821, 0)
,(@time_zone_id, 891100821, 1)
,(@time_zone_id, 907430421, 0)
,(@time_zone_id, 922550422, 1)
,(@time_zone_id, 938880022, 0)
,(@time_zone_id, 954000022, 1)
,(@time_zone_id, 967305622, 0)
,(@time_zone_id, 985449622, 1)
,(@time_zone_id, 1002384022, 0)
,(@time_zone_id, 1017504022, 1)
,(@time_zone_id, 1033833622, 0)
,(@time_zone_id, 1048953622, 1)
,(@time_zone_id, 1065283222, 0)
,(@time_zone_id, 1080403222, 1)
,(@time_zone_id, 1096732822, 0)
,(@time_zone_id, 1111852822, 1)
,(@time_zone_id, 1128182422, 0)
,(@time_zone_id, 1143907223, 1)
,(@time_zone_id, 1159632023, 0)
,(@time_zone_id, 1174752023, 1)
,(@time_zone_id, 1191686423, 0)
,(@time_zone_id, 1207411223, 1)
,(@time_zone_id, 1223136023, 0)
,(@time_zone_id, 1238860824, 1)
,(@time_zone_id, 1254585624, 0)
,(@time_zone_id, 1270310424, 1)
,(@time_zone_id, 1286035224, 0)
,(@time_zone_id, 1301760024, 1)
,(@time_zone_id, 1317484824, 0)
,(@time_zone_id, 1333209624, 1)
,(@time_zone_id, 1349539225, 0)
,(@time_zone_id, 1365264025, 1)
,(@time_zone_id, 1380988825, 0)
,(@time_zone_id, 1396713625, 1)
,(@time_zone_id, 1412438425, 0)
,(@time_zone_id, 1428163225, 1)
,(@time_zone_id, 1443888026, 0)
,(@time_zone_id, 1459612826, 1)
,(@time_zone_id, 1475337626, 0)
,(@time_zone_id, 1491062427, 1)
,(@time_zone_id, 1506787227, 0)
,(@time_zone_id, 1522512027, 1)
,(@time_zone_id, 1538841627, 0)
,(@time_zone_id, 1554566427, 1)
,(@time_zone_id, 1570291227, 0)
,(@time_zone_id, 1586016027, 1)
,(@time_zone_id, 1601740827, 0)
,(@time_zone_id, 1617465627, 1)
,(@time_zone_id, 1633190427, 0)
,(@time_zone_id, 1648915227, 1)
,(@time_zone_id, 1664640027, 0)
,(@time_zone_id, 1680364827, 1)
,(@time_zone_id, 1696089627, 0)
,(@time_zone_id, 1712419227, 1)
,(@time_zone_id, 1728144027, 0)
,(@time_zone_id, 1743868827, 1)
,(@time_zone_id, 1759593627, 0)
,(@time_zone_id, 1775318427, 1)
,(@time_zone_id, 1791043227, 0)
,(@time_zone_id, 1806768027, 1)
,(@time_zone_id, 1822492827, 0)
,(@time_zone_id, 1838217627, 1)
,(@time_zone_id, 1853942427, 0)
,(@time_zone_id, 1869667227, 1)
,(@time_zone_id, 1885996827, 0)
,(@time_zone_id, 1901721627, 1)
,(@time_zone_id, 1917446427, 0)
,(@time_zone_id, 1933171227, 1)
,(@time_zone_id, 1948896027, 0)
,(@time_zone_id, 1964620827, 1)
,(@time_zone_id, 1980345627, 0)
,(@time_zone_id, 1996070427, 1)
,(@time_zone_id, 2011795227, 0)
,(@time_zone_id, 2027520027, 1)
,(@time_zone_id, 2043244827, 0)
,(@time_zone_id, 2058969627, 1)
,(@time_zone_id, 2075299227, 0)
,(@time_zone_id, 2091024027, 1)
,(@time_zone_id, 2106748827, 0)
,(@time_zone_id, 2122473627, 1)
,(@time_zone_id, 2138198427, 0);
mysqld, Version: 5.7.44-log (MySQL Community Server (GPL)). started with:
Tcp port: 0  Unix socket: /var/run/mysqld/mysqld.sock
Time                 Id Command    Argument
# Time: 2025-05-10T00:03:01.651898Z
# User@Host: root[root] @  [172.19.0.6]  Id:    38
# Query_time: 5.001168  Lock_time: 0.000000 Rows_sent: 1  Rows_examined: 0
use wordpress1;
SET timestamp=1746835381;
SELECT SLEEP(5);
